<?xml version="1.0" encoding="UTF-8"?>
<!-- Generated by org.testng.reporters.JUnitReportReporter -->
<testsuite hostname="SRIKANTH" name="com.maven.test.Test01" tests="1" failures="0" timestamp="23 Dec 2017 01:27:51 GMT" time="10.788" errors="0">
  <testcase name="launchbrowser" time="10.788" classname="com.maven.test.Test01"/>
</testsuite> <!-- com.maven.test.Test01 -->
