<?xml version="1.0" encoding="UTF-8"?>
<!-- Generated by org.testng.reporters.JUnitReportReporter -->
<testsuite hostname="SRIKANTH" name="testcases.Testing01" tests="1" failures="0" timestamp="31 Dec 2017 22:41:40 GMT" time="12.577" errors="0">
  <testcase name="LaunchApplication" time="12.577" classname="testcases.Testing01"/>
</testsuite> <!-- testcases.Testing01 -->
