<?xml version="1.0" encoding="UTF-8"?>
<!-- Generated by org.testng.reporters.JUnitReportReporter -->
<testsuite hostname="SRIKANTH" name="testcases.Testing01" tests="1" failures="0" timestamp="30 Dec 2017 05:42:09 GMT" time="5.913" errors="0">
  <testcase name="LaunchApplication" time="5.913" classname="testcases.Testing01"/>
</testsuite> <!-- testcases.Testing01 -->
